make --dry-run --always-make --keep-going --print-directory
make: Entering directory `/Users/sahafid/Desktop/new_minishell'
gcc -o utils1.o -c utils1.c
gcc -o srcs/builtins/echo.o -c srcs/builtins/echo.c
gcc -o srcs/builtins/env.o -c srcs/builtins/env.c
gcc -o srcs/builtins/exit.o -c srcs/builtins/exit.c
gcc -o srcs/builtins/pwd.o -c srcs/builtins/pwd.c
gcc -o srcs/builtins/export.o -c srcs/builtins/export.c
gcc -o srcs/builtins/unset.o -c srcs/builtins/unset.c
gcc -o srcs/builtins/export_utils.o -c srcs/builtins/export_utils.c
gcc -o srcs/builtins/export_things.o -c srcs/builtins/export_things.c
gcc -o srcs/utils/utils2.o -c srcs/utils/utils2.c
gcc -o srcs/builtins/cd.o -c srcs/builtins/cd.c
gcc -o srcs/builtins/cd/cd_home.o -c srcs/builtins/cd/cd_home.c
gcc -o srcs/exec/executing.o -c srcs/exec/executing.c
gcc -o srcs/exec/check_cmd.o -c srcs/exec/check_cmd.c
gcc -o srcs/exec/duping.o -c srcs/exec/duping.c
gcc -o srcs/exec/executing_cmd.o -c srcs/exec/executing_cmd.c
gcc -o srcs/signal/signals.o -c srcs/signal/signals.c
gcc -lreadline -I .brew/opt/readline/include  exec.c libft/libft.a utils1.c srcs/builtins/echo.c srcs/builtins/env.c srcs/builtins/exit.c srcs/builtins/pwd.c srcs/builtins/echo.c srcs/builtins/export.c srcs/builtins/unset.c  srcs/builtins/export_utils.c srcs/builtins/export_things.c srcs/utils/utils2.c srcs/builtins/cd.c  srcs/builtins/cd/cd_home.c srcs/exec/executing.c srcs/exec/check_cmd.c  srcs/exec/duping.c  srcs/exec/executing_cmd.c srcs/signal/signals.c -o minishell
make: Leaving directory `/Users/sahafid/Desktop/new_minishell'
 
