make all --print-data-base --no-builtin-variables --no-builtin-rules --question
# GNU Make 3.81
# Copyright (C) 2006  Free Software Foundation, Inc.
# This is free software; see the source for copying conditions.
# There is NO warranty; not even for MERCHANTABILITY or FITNESS FOR A
# PARTICULAR PURPOSE.

# This program built for i386-apple-darwin11.3.0

# Make data base, printed on Sat Jun 25 18:46:14 2022

# Variables

# makefile (from `Makefile', line 22)
GRA := \033[1;37m
# automatic
<D = $(patsubst %/,%,$(dir $<))
# automatic
?F = $(notdir $?)
# environment
VSCODE_LOG_NATIVE = false
# automatic
?D = $(patsubst %/,%,$(dir $?))
# automatic
@D = $(patsubst %/,%,$(dir $@))
# automatic
@F = $(notdir $@)
# makefile
CURDIR := /Users/sahafid/Desktop/new_minishell
# makefile
SHELL = /bin/sh
# makefile (from `Makefile', line 15)
NNN := \033[1;0m
# environment
VSCODE_NLS_CONFIG = {"locale":"en-us","availableLanguages":{},"_languagePackSupport":true}
# environment
_ = /usr/bin/make
# makefile (from `Makefile', line 1)
MAKEFILE_LIST :=  Makefile
# environment
VSCODE_VERBOSE_LOGGING = true
# makefile (from `Makefile', line 45)
CFILES = utils1.c srcs/builtins/echo.c srcs/builtins/env.c srcs/builtins/exit.c srcs/builtins/pwd.c srcs/builtins/echo.c srcs/builtins/export.c srcs/builtins/unset.c  srcs/builtins/export_utils.c srcs/builtins/export_things.c srcs/utils/utils2.c srcs/builtins/cd.c  srcs/builtins/cd/cd_home.c srcs/exec/executing.c srcs/exec/check_cmd.c  srcs/exec/duping.c  srcs/exec/executing_cmd.c srcs/signal/signals.c
# environment
VSCODE_IPC_HOOK_EXTHOST = /var/folders/zz/zyxvpxvq6csfxvn_n000ccch003334/T/vscode-ipc-c0beea96-1c75-4029-a570-fc49a913a582.sock
# environment
VSCODE_CWD = /
# environment
PATH = /usr/local/bin:/usr/bin:/bin:/usr/sbin:/sbin:/usr/local/munki
# environment
LSCOLORS = Gxfxcxdxbxegedabagacad
# makefile (from `Makefile', line 54)
INT = ms_head.h
# environment
LaunchInstanceID = FDC2D550-0A05-4FC8-A1D3-EDCAC3F4D647
# environment
VSCODE_LOG_STACK = false
# environment
ELECTRON_RUN_AS_NODE = 1
# default
.FEATURES := target-specific order-only second-expansion else-if archives jobserver check-symlink
# makefile (from `Makefile', line 17)
GRN := \033[1;32m
# environment
SSH_AUTH_SOCK = /private/tmp/com.apple.launchd.KsstnAI7ki/Listeners
# automatic
%F = $(notdir $%)
# environment
VSCODE_PIPE_LOGGING = true
# environment
PWD = /Users/sahafid/Desktop/new_minishell
# environment
ORIGINAL_XDG_CURRENT_DESKTOP = undefined
# makefile (from `Makefile', line 19)
BLU := \033[1;34m
# environment
VSCODE_AMD_ENTRYPOINT = vs/workbench/api/node/extensionHostProcess
# environment
HOME = /Users/sahafid
# default
MAKEFILEPATH = $(shell /usr/bin/xcode-select -print-path 2>/dev/null || echo /Developer)/Makefiles
# environment
VSCODE_CODE_CACHE_PATH = /Users/sahafid/Library/Application Support/Code/CachedData/57fd6d0195bb9b9d1b49f6da5db789060795de47
# environment
LOGNAME = sahafid
# environment
APPLICATION_INSIGHTS_NO_DIAGNOSTIC_CHANNEL = 1
# environment
ZSH = /Users/sahafid/.oh-my-zsh
# environment
VSCODE_HANDLES_UNCAUGHT_ERRORS = true
# automatic
^D = $(patsubst %/,%,$(dir $^))
# environment
XPC_FLAGS = 0x0
# default
MAKE = $(MAKE_COMMAND)
# default
MAKECMDGOALS := all
# environment
SHLVL = 1
# makefile (from `Makefile', line 21)
CYN := \033[1;36m
# makefile (from `Makefile', line 26)
define TITLE
${RED}
+ ---------------------------------------------------------------------------- +
|   __   __  __   __    _  ___   _______  __   __  _______  ___      ___       |
|  |  |_|  ||  | |  |  | ||   | |       ||  | |  ||       ||   |    |   |      |
|  |       ||  | |   |_| ||   | |  _____||  |_|  ||    ___||   |    |   |      |
|  |       ||  | |       ||   | | |_____ |       ||   |___ |   |    |   |      |
|  |       ||  | |  _    ||   | |_____  ||       ||    ___||   |___ |   |___   |
|  | ||_|| ||  | | | |   ||   |  _____| ||   _   ||   |___ |       ||       |  |
|  |_|   |_||__| |_|  |__||___| |_______||__| |__||_______||_______||_______|  |
|                                                                              |
+ ---------------------------------------------------------------------------- +
${NNN}${GRA}
                                        - Created By ${BLU}Forstman${NNN}\n
endef
# makefile (from `Makefile', line 53)
CC = gcc
# default
MAKE_VERSION := 3.81
# environment
USER = sahafid
# makefile
.DEFAULT_GOAL := all
# makefile (from `Makefile', line 56)
NAME = minishell
# environment
LESS = -R
# automatic
%D = $(patsubst %/,%,$(dir $%))
# default
MAKE_COMMAND := /Library/Developer/CommandLineTools/usr/bin/make
# default
.VARIABLES := 
# environment
TMPDIR = /var/folders/zz/zyxvpxvq6csfxvn_n000ccch003334/T/
# automatic
*F = $(notdir $*)
# environment
VSCODE_IPC_HOOK = /Users/sahafid/Library/Application Support/Code/1.67.0-main.sock
# makefile (from `Makefile', line 20)
MGN := \033[1;35m
# makefile (from `Makefile', line 16)
RED := \033[1;31m
# makefile
MAKEFLAGS = Rrqp
# environment
MFLAGS = -Rrqp
# automatic
*D = $(patsubst %/,%,$(dir $*))
# environment
XPC_SERVICE_NAME = com.apple.xpc.launchd.oneshot.0x10000001.Electron
# automatic
+D = $(patsubst %/,%,$(dir $+))
# automatic
+F = $(notdir $+)
# environment
__CF_USER_TEXT_ENCODING = 0x18C64:0x0:0x0
# environment
COMMAND_MODE = unix2003
# default
MAKEFILES := 
# automatic
<F = $(notdir $<)
# environment
PAGER = less
# environment
LC_ALL = C
# makefile (from `Makefile', line 18)
YEL := \033[1;33m
# environment
SECURITYSESSIONID = 186a8
# automatic
^F = $(notdir $^)
# default
SUFFIXES := 
# makefile (from `Makefile', line 55)
FLAGS = -lreadline -I .brew/opt/readline/include
# default
.INCLUDE_DIRS = /usr/local/include
# makefile (from `Makefile', line 51)
OFILES = $(CFILES:.c=.o)
# environment
MAKELEVEL := 0
# makefile (from `Makefile', line 57)
ARCHIVE = libft/libft.a
# environment
LANG = C
# environment
VSCODE_PID = 792
# variable set hash-table stats:
# Load=83/1024=8%, Rehash=0, Collisions=2/115=2%

# Pattern-specific Variable Values

# No pattern-specific variable values.

# Directories

# srcs/builtins (device 16777225, inode 23903): 21 files, no impossibilities so far.
# . (device 16777225, inode 23778): 14 files, no impossibilities.
# srcs/utils (device 16777225, inode 23926): 3 files, no impossibilities so far.
# srcs/builtins/cd (device 16777225, inode 23905): 4 files, no impossibilities so far.
# srcs/exec (device 16777225, inode 23920): 5 files, no impossibilities so far.

# 47 files, no impossibilities in 5 directories.

# Implicit Rules

%.o: %.c
#  commands to execute (from `Makefile', line 65):
	@$(CC) -o $@ -c $<
	

# 1 implicit rules, 0 (0.0%) terminal.

# Files

utils1.o: utils1.c
#  Implicit rule search has been done.
#  Implicit/static pattern stem: `utils1'
#  Last modified 2022-06-25 15:26:52
#  File has been updated.
#  Successfully updated.
# variable set hash-table stats:
# Load=0/32=0%, Rehash=0, Collisions=0/0=0%
#  commands to execute (from `Makefile', line 65):
	@$(CC) -o $@ -c $<
	

# Not a target:
srcs/builtins/env.c:
#  Implicit rule search has been done.
#  Last modified 2022-06-21 01:28:03
#  File has been updated.
#  Successfully updated.
# variable set hash-table stats:
# Load=0/32=0%, Rehash=0, Collisions=0/0=0%

srcs/builtins/unset.o: srcs/builtins/unset.c
#  Implicit rule search has been done.
#  Implicit/static pattern stem: `srcs/builtins/unset'
#  Last modified 2022-06-25 15:26:52
#  File has been updated.
#  Successfully updated.
# variable set hash-table stats:
# Load=0/32=0%, Rehash=0, Collisions=0/0=0%
#  commands to execute (from `Makefile', line 65):
	@$(CC) -o $@ -c $<
	

# Not a target:
srcs/exec/check_cmd.o:
#  Implicit rule search has not been done.
#  Modification time never checked.
#  File has not been updated.

all: minishell
#  Command-line target.
#  Implicit rule search has been done.
#  File does not exist.
#  File has been updated.
#  Needs to be updated (-q is set).
# variable set hash-table stats:
# Load=0/32=0%, Rehash=0, Collisions=0/3=0%

title:
#  Implicit rule search has not been done.
#  Modification time never checked.
#  File has not been updated.
#  commands to execute (from `Makefile', line 76):
	@clear
	@echo "$$TITLE"
	

# Not a target:
srcs/exec/duping.o:
 
#  Implicit rule search has not been done.
#  Modification time never checked.
#  File has not been updated.

srcs/builtins/export_utils.o: srcs/builtins/export_utils.c
#  Implicit rule search has been done.
#  Implicit/static pattern stem: `srcs/builtins/export_utils'
#  Last modified 2022-06-25 15:26:52
#  File has been updated.
#  Successfully updated.
# variable set hash-table stats:
# Load=0/32=0%, Rehash=0, Collisions=0/0=0%
#  commands to execute (from `Makefile', line 65):
	@$(CC) -o $@ -c $<
	

# Not a target:
srcs/builtins/exit.c:
#  Implicit rule search has been done.
#  Last modified 2022-06-22 10:38:37
#  File has been updated.
#  Successfully updated.
# variable set hash-table stats:
# Load=0/32=0%, Rehash=0, Collisions=0/0=0%

# Not a target:
srcs/builtins/export_things.c:
#  Implicit rule search has been done.
#  Last modified 2022-06-21 01:27:35
#  File has been updated.
#  Successfully updated.
# variable set hash-table stats:
# Load=0/32=0%, Rehash=0, Collisions=0/0=0%

# Not a target:
exec.c:
#  Implicit rule search has not been done.
#  Modification time never checked.
#  File has not been updated.

# Not a target:
.SUFFIXES:
#  Implicit rule search has not been done.
#  Modification time never checked.
#  File has not been updated.

# Not a target:
Makefile:
#  Implicit rule search has been done.
#  Last modified 2022-06-25 15:20:12
#  File has been updated.
#  Successfully updated.
# variable set hash-table stats:
# Load=0/32=0%, Rehash=0, Collisions=0/0=0%

# Not a target:
srcs/utils/utils2.c:
#  Implicit rule search has been done.
#  Last modified 2022-06-15 18:14:16
#  File has been updated.
#  Successfully updated.
# variable set hash-table stats:
# Load=0/32=0%, Rehash=0, Collisions=0/0=0%

# Not a target:
utils1.c:
#  Implicit rule search has been done.
#  Last modified 2022-06-14 14:46:11
#  File has been updated.
#  Successfully updated.
# variable set hash-table stats:
# Load=0/32=0%, Rehash=0, Collisions=0/0=0%

# Not a target:
srcs/builtins/unset.c:
#  Implicit rule search has been done.
#  Last modified 2022-06-21 01:27:48
#  File has been updated.
#  Successfully updated.
# variable set hash-table stats:
# Load=0/32=0%, Rehash=0, Collisions=0/0=0%

srcs/exec/executing.o: srcs/exec/executing.c
#  Implicit rule search has been done.
#  Implicit/static pattern stem: `srcs/exec/executing'
#  File does not exist.
#  File has been updated.
#  Needs to be updated (-q is set).
# automatic
# @ := srcs/exec/executing.o
# automatic
# % := 
# automatic
# * := srcs/exec/executing
# automatic
# + := srcs/exec/executing.c
# automatic
# | := 
# automatic
# < := srcs/exec/executing.c
# automatic
# ^ := srcs/exec/executing.c
# automatic
# ? := srcs/exec/executing.c
# variable set hash-table stats:
# Load=8/32=25%, Rehash=0, Collisions=1/13=8%
#  commands to execute (from `Makefile', line 65):
	@$(CC) -o $@ -c $<
	

srcs/builtins/pwd.o: srcs/builtins/pwd.c
#  Implicit rule search has been done.
#  Implicit/static pattern stem: `srcs/builtins/pwd'
#  Last modified 2022-06-25 15:26:52
#  File has been updated.
#  Successfully updated.
# variable set hash-table stats:
# Load=0/32=0%, Rehash=0, Collisions=0/0=0%
#  commands to execute (from `Makefile', line 65):
	@$(CC) -o $@ -c $<
	

minishell: utils1.o srcs/builtins/echo.o srcs/builtins/env.o srcs/builtins/exit.o srcs/builtins/pwd.o srcs/builtins/echo.o srcs/builtins/export.o srcs/builtins/unset.o srcs/builtins/export_utils.o srcs/builtins/export_things.o srcs/utils/utils2.o srcs/builtins/cd.o srcs/builtins/cd/cd_home.o srcs/exec/executing.o srcs/exec/check_cmd.o srcs/exec/duping.o srcs/exec/executing_cmd.o srcs/signal/signals.o exec.c
#  Implicit rule search has not been done.
#  File does not exist.
#  File has been updated.
#  Needs to be updated (-q is set).
# variable set hash-table stats:
# Load=0/32=0%, Rehash=0, Collisions=0/3=0%
#  commands to execute (from `Makefile', line 62):
	@$(CC) $(FLAGS)  exec.c $(ARCHIVE) $(CFILES) -o minishell
	

srcs/builtins/cd.o: srcs/builtins/cd.c
#  Implicit rule search has been done.
#  Implicit/static pattern stem: `srcs/builtins/cd'
#  Last modified 2022-06-25 15:26:52
#  File has been updated.
#  Successfully updated.
# variable set hash-table stats:
# Load=0/32=0%, Rehash=0, Collisions=0/0=0%
#  commands to execute (from `Makefile', line 65):
	@$(CC) -o $@ -c $<
	

fclean: clean
#  Implicit rule search has not been done.
#  Modification time never checked.
#  File has not been updated.
#  commands to execute (from `Makefile', line 71):
	@rm -f $(NAME)
	

# Not a target:
srcs/signal/signals.o:
#  Implicit rule search has not been done.
#  Modification time never checked.
#  File has not been updated.

srcs/builtins/cd/cd_home.o: srcs/builtins/cd/cd_home.c
#  Implicit rule search has been done.
#  Implicit/static pattern stem: `srcs/builtins/cd/cd_home'
#  Last modified 2022-06-25 15:26:52
#  File has been updated.
#  Successfully updated.
# variable set hash-table stats:
# Load=0/32=0%, Rehash=0, Collisions=0/0=0%
#  commands to execute (from `Makefile', line 65):
	@$(CC) -o $@ -c $<
	

srcs/builtins/echo.o: srcs/builtins/echo.c
#  Implicit rule search has been done.
#  Implicit/static pattern stem: `srcs/builtins/echo'
#  Last modified 2022-06-25 15:26:52
#  File has been updated.
#  Successfully updated.
# variable set hash-table stats:
# Load=0/32=0%, Rehash=0, Collisions=0/0=0%
#  commands to execute (from `Makefile', line 65):
	@$(CC) -o $@ -c $<
	

# Not a target:
srcs/builtins/export_utils.c:
#  Implicit rule search has been done.
#  Last modified 2022-06-21 01:26:51
#  File has been updated.
#  Successfully updated.
# variable set hash-table stats:
# Load=0/32=0%, Rehash=0, Collisions=0/0=0%

srcs/builtins/export.o: srcs/builtins/export.c
#  Implicit rule search has been done.
#  Implicit/static pattern stem: `srcs/builtins/export'
#  Last modified 2022-06-25 15:26:52
#  File has been updated.
#  Successfully updated.
# variable set hash-table stats:
# Load=0/32=0%, Rehash=0, Collisions=0/0=0%
#  commands to execute (from `Makefile', line 65):
	@$(CC) -o $@ -c $<
	

# Not a target:
.DEFAULT:
#  Implicit rule search has not been done.
#  Modification time never checked.
#  File has not been updated.

srcs/builtins/export_things.o: srcs/builtins/export_things.c
#  Implicit rule search has been done.
#  Implicit/static pattern stem: `srcs/builtins/export_things'
#  Last modified 2022-06-25 15:26:52
#  File has been updated.
#  Successfully updated.
# variable set hash-table stats:
# Load=0/32=0%, Rehash=0, Collisions=0/0=0%
#  commands to execute (from `Makefile', line 65):
	@$(CC) -o $@ -c $<
	

re: fclean all
#  Implicit rule search has not been done.
#  Modification time never checked.
#  File has not been updated.

clean: title
#  Implicit rule search has not been done.
#  Modification time never checked.
#  File has not been updated.
#  commands to execute (from `Makefile', line 68):
	@rm -f $(OFILES)
	

# Not a target:
srcs/exec/executing.c:
#  Implicit rule search has been done.
#  Last modified 2022-06-25 17:19:27
#  File has been updated.
#  Successfully updated.
# variable set hash-table stats:
# Load=0/32=0%, Rehash=0, Collisions=0/0=0%

# Not a target:
srcs/builtins/pwd.c:
#  Implicit rule search has been done.
#  Last modified 2022-06-25 14:57:51
#  File has been updated.
#  Successfully updated.
# variable set hash-table stats:
# Load=0/32=0%, Rehash=0, Collisions=0/0=0%

# Not a target:
srcs/builtins/cd.c:
#  Implicit rule search has been done.
#  Last modified 2022-06-20 01:41:12
#  File has been updated.
#  Successfully updated.
# variable set hash-table stats:
# Load=0/32=0%, Rehash=0, Collisions=0/0=0%

# Not a target:
srcs/builtins/cd/cd_home.c:
#  Implicit rule search has been done.
#  Last modified 2022-06-20 01:41:04
#  File has been updated.
#  Successfully updated.
# variable set hash-table stats:
# Load=0/32=0%, Rehash=0, Collisions=0/0=0%

# Not a target:
srcs/exec/executing_cmd.o:
#  Implicit rule search has not been done.
#  Modification time never checked.
#  File has not been updated.

srcs/builtins/env.o: srcs/builtins/env.c
#  Implicit rule search has been done.
 
#  Implicit/static pattern stem: `srcs/builtins/env'
#  Last modified 2022-06-25 15:26:52
#  File has been updated.
#  Successfully updated.
# variable set hash-table stats:
# Load=0/32=0%, Rehash=0, Collisions=0/0=0%
#  commands to execute (from `Makefile', line 65):
	@$(CC) -o $@ -c $<
	

# Not a target:
srcs/builtins/echo.c:
#  Implicit rule search has been done.
#  Last modified 2022-06-24 11:05:50
#  File has been updated.
#  Successfully updated.
# variable set hash-table stats:
# Load=0/32=0%, Rehash=0, Collisions=0/0=0%

srcs/builtins/exit.o: srcs/builtins/exit.c
#  Implicit rule search has been done.
#  Implicit/static pattern stem: `srcs/builtins/exit'
#  Last modified 2022-06-25 15:26:52
#  File has been updated.
#  Successfully updated.
# variable set hash-table stats:
# Load=0/32=0%, Rehash=0, Collisions=0/0=0%
#  commands to execute (from `Makefile', line 65):
	@$(CC) -o $@ -c $<
	

# Not a target:
srcs/builtins/export.c:
#  Implicit rule search has been done.
#  Last modified 2022-06-21 01:12:37
#  File has been updated.
#  Successfully updated.
# variable set hash-table stats:
# Load=0/32=0%, Rehash=0, Collisions=0/0=0%

srcs/utils/utils2.o: srcs/utils/utils2.c
#  Implicit rule search has been done.
#  Implicit/static pattern stem: `srcs/utils/utils2'
#  Last modified 2022-06-25 15:26:52
#  File has been updated.
#  Successfully updated.
# variable set hash-table stats:
# Load=0/32=0%, Rehash=0, Collisions=0/0=0%
#  commands to execute (from `Makefile', line 65):
	@$(CC) -o $@ -c $<
	

# files hash-table stats:
# Load=40/1024=4%, Rehash=0, Collisions=6/116=5%
# VPATH Search Paths

# No `vpath' search paths.

# No general (`VPATH' variable) search path.

# # of strings in strcache: 1
# # of strcache buffers: 1
# strcache size: total = 4096 / max = 4096 / min = 4096 / avg = 4096
# strcache free: total = 4087 / max = 4087 / min = 4087 / avg = 4087

# Finished Make data base on Sat Jun 25 18:46:15 2022

 
